<?xml version="1.0" encoding="UTF-8"?>
<!-- Generated by org.testng.reporters.JUnitReportReporter -->
<testsuite skipped="0" hostname="DESKTOP-8MQ80A4" name="seleniumproject.SelProj1" tests="1" failures="0" timestamp="01 Mar 2020 06:48:06 GMT" time="11.195" errors="0">
  <testcase name="test1" time="11.195" classname="seleniumproject.SelProj1"/>
</testsuite> <!-- seleniumproject.SelProj1 -->
